Flow report for Bomberman
Tue Dec 10 20:23:20 2019
Quartus Prime Version 18.1.0 Build 625 09/12/2018 SJ Lite Edition


---------------------
; Table of Contents ;
---------------------
  1. Legal Notice
  2. Flow Summary
  3. Flow Settings
  4. Flow Non-Default Global Settings
  5. Flow Elapsed Time
  6. Flow OS Summary
  7. Flow Log
  8. Flow Messages
  9. Flow Suppressed Messages



----------------
; Legal Notice ;
----------------
Copyright (C) 2018  Intel Corporation. All rights reserved.
Your use of Intel Corporation's design tools, logic functions 
and other software and tools, and its AMPP partner logic 
functions, and any output files from any of the foregoing 
(including device programming or simulation files), and any 
associated documentation or information are expressly subject 
to the terms and conditions of the Intel Program License 
Subscription Agreement, the Intel Quartus Prime License Agreement,
the Intel FPGA IP License Agreement, or other applicable license
agreement, including, without limitation, that your use is for
the sole purpose of programming logic devices manufactured by
Intel and sold by Intel or its authorized distributors.  Please
refer to the applicable agreement for further details.



+----------------------------------------------------------------------------------+
; Flow Summary                                                                     ;
+------------------------------------+---------------------------------------------+
; Flow Status                        ; Successful - Tue Dec 10 20:23:19 2019       ;
; Quartus Prime Version              ; 18.1.0 Build 625 09/12/2018 SJ Lite Edition ;
; Revision Name                      ; Bomberman                                   ;
; Top-level Entity Name              ; Bomberman_top                               ;
; Family                             ; Cyclone IV E                                ;
; Device                             ; EP4CE115F29C7                               ;
; Timing Models                      ; Final                                       ;
; Total logic elements               ; 9,070                                       ;
;     Total combinational functions  ; 6,078                                       ;
;     Dedicated logic registers      ; 5,312                                       ;
; Total registers                    ; 5312                                        ;
; Total pins                         ; 264                                         ;
; Total virtual pins                 ; 0                                           ;
; Total memory bits                  ; 2,726,912                                   ;
; Embedded Multiplier 9-bit elements ; 0                                           ;
; Total PLLs                         ; 2                                           ;
+------------------------------------+---------------------------------------------+


+-----------------------------------------+
; Flow Settings                           ;
+-------------------+---------------------+
; Option            ; Setting             ;
+-------------------+---------------------+
; Start date & time ; 12/10/2019 20:20:03 ;
; Main task         ; Compilation         ;
; Revision Name     ; Bomberman           ;
+-------------------+---------------------+


+--------------------------------------------------------------------------------------------------------------------------------------------------------------------------------------------------------------------------------------------------------------------------------------------------------------------------------------------------------------------------------------------------------------------------------------------------------------------------------------------------------------------------+
; Flow Non-Default Global Settings                                                                                                                                                                                                                                                                                                                                                                                                                                                                                         ;
+-------------------------------------+-------------------------------------------------------------------------------------------------------------------------------------------------------------------------------------------------------------------------------------------------------------------------------------------------------------------------------------------------------------------------------------------------------------------------------+---------------+-----------------+------------------+
; Assignment Name                     ; Value                                                                                                                                                                                                                                                                                                                                                                                                                         ; Default Value ; Entity Name     ; Section Id       ;
+-------------------------------------+-------------------------------------------------------------------------------------------------------------------------------------------------------------------------------------------------------------------------------------------------------------------------------------------------------------------------------------------------------------------------------------------------------------------------------+---------------+-----------------+------------------+
; COMPILER_SIGNATURE_ID               ; 273317806179766.157603080211908                                                                                                                                                                                                                                                                                                                                                                                               ; --            ; --              ; --               ;
; EDA_SIMULATION_TOOL                 ; ModelSim-Altera (SystemVerilog)                                                                                                                                                                                                                                                                                                                                                                                               ; <None>        ; --              ; --               ;
; ENABLE_SIGNALTAP                    ; On                                                                                                                                                                                                                                                                                                                                                                                                                            ; --            ; --              ; --               ;
; FLOW_ENABLE_POWER_ANALYZER          ; On                                                                                                                                                                                                                                                                                                                                                                                                                            ; Off           ; --              ; --               ;
; MAX_CORE_JUNCTION_TEMP              ; 85                                                                                                                                                                                                                                                                                                                                                                                                                            ; --            ; --              ; --               ;
; MIN_CORE_JUNCTION_TEMP              ; 0                                                                                                                                                                                                                                                                                                                                                                                                                             ; --            ; --              ; --               ;
; MISC_FILE                           ; pll_global_bb.v                                                                                                                                                                                                                                                                                                                                                                                                               ; --            ; --              ; --               ;
; MISC_FILE                           ; pll_global.ppf                                                                                                                                                                                                                                                                                                                                                                                                                ; --            ; --              ; --               ;
; MISC_FILE                           ; Bomberman/synthesis/../Bomberman.cmp                                                                                                                                                                                                                                                                                                                                                                                          ; --            ; --              ; --               ;
; MISC_FILE                           ; Bomberman/synthesis/../../Bomberman.qsys                                                                                                                                                                                                                                                                                                                                                                                      ; --            ; --              ; --               ;
; MISC_FILE                           ; On_chip_buffer_v3_bb.v                                                                                                                                                                                                                                                                                                                                                                                                        ; --            ; --              ; --               ;
; MISC_FILE                           ; Audio_clk_bb.v                                                                                                                                                                                                                                                                                                                                                                                                                ; --            ; --              ; --               ;
; MISC_FILE                           ; Audio_clk.ppf                                                                                                                                                                                                                                                                                                                                                                                                                 ; --            ; --              ; --               ;
; MISC_FILE                           ; test_bb.v                                                                                                                                                                                                                                                                                                                                                                                                                     ; --            ; --              ; --               ;
; MISC_FILE                           ; test.ppf                                                                                                                                                                                                                                                                                                                                                                                                                      ; --            ; --              ; --               ;
; PARTITION_COLOR                     ; -- (Not supported for targeted family)                                                                                                                                                                                                                                                                                                                                                                                        ; --            ; Bomberman_top   ; Top              ;
; PARTITION_COLOR                     ; -- (Not supported for targeted family)                                                                                                                                                                                                                                                                                                                                                                                        ; --            ; DE2_115_Default ; Top              ;
; PARTITION_COLOR                     ; -- (Not supported for targeted family)                                                                                                                                                                                                                                                                                                                                                                                        ; --            ; lab8            ; Top              ;
; PARTITION_FITTER_PRESERVATION_LEVEL ; -- (Not supported for targeted family)                                                                                                                                                                                                                                                                                                                                                                                        ; --            ; Bomberman_top   ; Top              ;
; PARTITION_FITTER_PRESERVATION_LEVEL ; -- (Not supported for targeted family)                                                                                                                                                                                                                                                                                                                                                                                        ; --            ; DE2_115_Default ; Top              ;
; PARTITION_FITTER_PRESERVATION_LEVEL ; -- (Not supported for targeted family)                                                                                                                                                                                                                                                                                                                                                                                        ; --            ; lab8            ; Top              ;
; PARTITION_NETLIST_TYPE              ; -- (Not supported for targeted family)                                                                                                                                                                                                                                                                                                                                                                                        ; --            ; Bomberman_top   ; Top              ;
; PARTITION_NETLIST_TYPE              ; -- (Not supported for targeted family)                                                                                                                                                                                                                                                                                                                                                                                        ; --            ; DE2_115_Default ; Top              ;
; PARTITION_NETLIST_TYPE              ; -- (Not supported for targeted family)                                                                                                                                                                                                                                                                                                                                                                                        ; --            ; lab8            ; Top              ;
; POWER_BOARD_THERMAL_MODEL           ; None (CONSERVATIVE)                                                                                                                                                                                                                                                                                                                                                                                                           ; --            ; --              ; --               ;
; POWER_DEFAULT_INPUT_IO_TOGGLE_RATE  ; 12.5 %                                                                                                                                                                                                                                                                                                                                                                                                                        ; 12.5%         ; --              ; --               ;
; POWER_PRESET_COOLING_SOLUTION       ; 23 MM HEAT SINK WITH 200 LFPM AIRFLOW                                                                                                                                                                                                                                                                                                                                                                                         ; --            ; --              ; --               ;
; PROJECT_OUTPUT_DIRECTORY            ; output_files                                                                                                                                                                                                                                                                                                                                                                                                                  ; --            ; --              ; --               ;
; SLD_FILE                            ; Bomberman/synthesis/Bomberman.regmap                                                                                                                                                                                                                                                                                                                                                                                          ; --            ; --              ; --               ;
; SLD_FILE                            ; Bomberman/synthesis/Bomberman.debuginfo                                                                                                                                                                                                                                                                                                                                                                                       ; --            ; --              ; --               ;
; SLD_FILE                            ; db/stp1_auto_stripped.stp                                                                                                                                                                                                                                                                                                                                                                                                     ; --            ; --              ; --               ;
; SLD_INFO                            ; QSYS_NAME Bomberman HAS_SOPCINFO 1 GENERATION_ID 1575761338                                                                                                                                                                                                                                                                                                                                                                   ; --            ; --              ; --               ;
; SLD_NODE_CREATOR_ID                 ; 110                                                                                                                                                                                                                                                                                                                                                                                                                           ; --            ; --              ; auto_signaltap_0 ;
; SLD_NODE_ENTITY_NAME                ; sld_signaltap                                                                                                                                                                                                                                                                                                                                                                                                                 ; --            ; --              ; auto_signaltap_0 ;
; SLD_NODE_PARAMETER_ASSIGNMENT       ; SLD_RAM_BLOCK_TYPE=AUTO                                                                                                                                                                                                                                                                                                                                                                                                       ; --            ; --              ; auto_signaltap_0 ;
; SLD_NODE_PARAMETER_ASSIGNMENT       ; SLD_NODE_INFO=805334528                                                                                                                                                                                                                                                                                                                                                                                                       ; --            ; --              ; auto_signaltap_0 ;
; SLD_NODE_PARAMETER_ASSIGNMENT       ; SLD_POWER_UP_TRIGGER=0                                                                                                                                                                                                                                                                                                                                                                                                        ; --            ; --              ; auto_signaltap_0 ;
; SLD_NODE_PARAMETER_ASSIGNMENT       ; SLD_STORAGE_QUALIFIER_INVERSION_MASK_LENGTH=0                                                                                                                                                                                                                                                                                                                                                                                 ; --            ; --              ; auto_signaltap_0 ;
; SLD_NODE_PARAMETER_ASSIGNMENT       ; SLD_SEGMENT_SIZE=2048                                                                                                                                                                                                                                                                                                                                                                                                         ; --            ; --              ; auto_signaltap_0 ;
; SLD_NODE_PARAMETER_ASSIGNMENT       ; SLD_ATTRIBUTE_MEM_MODE=OFF                                                                                                                                                                                                                                                                                                                                                                                                    ; --            ; --              ; auto_signaltap_0 ;
; SLD_NODE_PARAMETER_ASSIGNMENT       ; SLD_STATE_FLOW_USE_GENERATED=0                                                                                                                                                                                                                                                                                                                                                                                                ; --            ; --              ; auto_signaltap_0 ;
; SLD_NODE_PARAMETER_ASSIGNMENT       ; SLD_STATE_BITS=11                                                                                                                                                                                                                                                                                                                                                                                                             ; --            ; --              ; auto_signaltap_0 ;
; SLD_NODE_PARAMETER_ASSIGNMENT       ; SLD_BUFFER_FULL_STOP=1                                                                                                                                                                                                                                                                                                                                                                                                        ; --            ; --              ; auto_signaltap_0 ;
; SLD_NODE_PARAMETER_ASSIGNMENT       ; SLD_CURRENT_RESOURCE_WIDTH=1                                                                                                                                                                                                                                                                                                                                                                                                  ; --            ; --              ; auto_signaltap_0 ;
; SLD_NODE_PARAMETER_ASSIGNMENT       ; SLD_INCREMENTAL_ROUTING=1                                                                                                                                                                                                                                                                                                                                                                                                     ; --            ; --              ; auto_signaltap_0 ;
; SLD_NODE_PARAMETER_ASSIGNMENT       ; SLD_TRIGGER_LEVEL=1                                                                                                                                                                                                                                                                                                                                                                                                           ; --            ; --              ; auto_signaltap_0 ;
; SLD_NODE_PARAMETER_ASSIGNMENT       ; SLD_SAMPLE_DEPTH=2048                                                                                                                                                                                                                                                                                                                                                                                                         ; --            ; --              ; auto_signaltap_0 ;
; SLD_NODE_PARAMETER_ASSIGNMENT       ; SLD_TRIGGER_IN_ENABLED=0                                                                                                                                                                                                                                                                                                                                                                                                      ; --            ; --              ; auto_signaltap_0 ;
; SLD_NODE_PARAMETER_ASSIGNMENT       ; SLD_TRIGGER_PIPELINE=0                                                                                                                                                                                                                                                                                                                                                                                                        ; --            ; --              ; auto_signaltap_0 ;
; SLD_NODE_PARAMETER_ASSIGNMENT       ; SLD_RAM_PIPELINE=0                                                                                                                                                                                                                                                                                                                                                                                                            ; --            ; --              ; auto_signaltap_0 ;
; SLD_NODE_PARAMETER_ASSIGNMENT       ; SLD_COUNTER_PIPELINE=0                                                                                                                                                                                                                                                                                                                                                                                                        ; --            ; --              ; auto_signaltap_0 ;
; SLD_NODE_PARAMETER_ASSIGNMENT       ; SLD_ADVANCED_TRIGGER_ENTITY=basic,1,                                                                                                                                                                                                                                                                                                                                                                                          ; --            ; --              ; auto_signaltap_0 ;
; SLD_NODE_PARAMETER_ASSIGNMENT       ; SLD_TRIGGER_LEVEL_PIPELINE=1                                                                                                                                                                                                                                                                                                                                                                                                  ; --            ; --              ; auto_signaltap_0 ;
; SLD_NODE_PARAMETER_ASSIGNMENT       ; SLD_ENABLE_ADVANCED_TRIGGER=0                                                                                                                                                                                                                                                                                                                                                                                                 ; --            ; --              ; auto_signaltap_0 ;
; SLD_NODE_PARAMETER_ASSIGNMENT       ; SLD_DATA_BITS=123                                                                                                                                                                                                                                                                                                                                                                                                             ; --            ; --              ; auto_signaltap_0 ;
; SLD_NODE_PARAMETER_ASSIGNMENT       ; SLD_TRIGGER_BITS=123                                                                                                                                                                                                                                                                                                                                                                                                          ; --            ; --              ; auto_signaltap_0 ;
; SLD_NODE_PARAMETER_ASSIGNMENT       ; SLD_STORAGE_QUALIFIER_BITS=123                                                                                                                                                                                                                                                                                                                                                                                                ; --            ; --              ; auto_signaltap_0 ;
; SLD_NODE_PARAMETER_ASSIGNMENT       ; SLD_INVERSION_MASK=0000000000000000000000000000000000000000000000000000000000000000000000000000000000000000000000000000000000000000000000000000000000000000000000000000000000000000000000000000000000000000000000000000000000000000000000000000000000000000000000000000000000000000000000000000000000000000000000000000000000000000000000000000000000000000000000000000000000000000000000000000000000000000000000000000000000 ; --            ; --              ; auto_signaltap_0 ;
; SLD_NODE_PARAMETER_ASSIGNMENT       ; SLD_INVERSION_MASK_LENGTH=394                                                                                                                                                                                                                                                                                                                                                                                                 ; --            ; --              ; auto_signaltap_0 ;
; SMART_RECOMPILE                     ; On                                                                                                                                                                                                                                                                                                                                                                                                                            ; Off           ; --              ; --               ;
; SOPCINFO_FILE                       ; Bomberman/synthesis/../../Bomberman.sopcinfo                                                                                                                                                                                                                                                                                                                                                                                  ; --            ; --              ; --               ;
; SYNTHESIS_ONLY_QIP                  ; On                                                                                                                                                                                                                                                                                                                                                                                                                            ; --            ; --              ; --               ;
; TOP_LEVEL_ENTITY                    ; Bomberman_top                                                                                                                                                                                                                                                                                                                                                                                                                 ; Bomberman     ; --              ; --               ;
; USE_SIGNALTAP_FILE                  ; stp1.stp                                                                                                                                                                                                                                                                                                                                                                                                                      ; --            ; --              ; --               ;
+-------------------------------------+-------------------------------------------------------------------------------------------------------------------------------------------------------------------------------------------------------------------------------------------------------------------------------------------------------------------------------------------------------------------------------------------------------------------------------+---------------+-----------------+------------------+


+--------------------------------------------------------------------------------------------------------------------------+
; Flow Elapsed Time                                                                                                        ;
+----------------------+--------------+-------------------------+---------------------+------------------------------------+
; Module Name          ; Elapsed Time ; Average Processors Used ; Peak Virtual Memory ; Total CPU Time (on all processors) ;
+----------------------+--------------+-------------------------+---------------------+------------------------------------+
; Analysis & Synthesis ; 00:03:06     ; 1.0                     ; 5099 MB             ; 00:03:39                           ;
; Total                ; 00:03:06     ; --                      ; --                  ; 00:03:39                           ;
+----------------------+--------------+-------------------------+---------------------+------------------------------------+


+------------------------------------------------------------------------------------+
; Flow OS Summary                                                                    ;
+----------------------+------------------+------------+------------+----------------+
; Module Name          ; Machine Hostname ; OS Name    ; OS Version ; Processor type ;
+----------------------+------------------+------------+------------+----------------+
; Analysis & Synthesis ; DESKTOP-V7MH6T3  ; Windows 10 ; 10.0       ; x86_64         ;
+----------------------+------------------+------------+------------+----------------+


------------
; Flow Log ;
------------
quartus_map --read_settings_files=on --write_settings_files=off Bomberman -c Bomberman



